This is pdfTeX, Version 3.14159265-2.6-1.40.16 (MiKTeX 2.9 64-bit) (preloaded format=pdflatex 2015.9.22)  18 MAR 2016 11:07
entering extended mode
**algc.sty
(algc.sty
LaTeX2e <2015/01/01> patch level 2
Babel <3.9m> and hyphenation patterns for 69 languages loaded.

LaTeX Warning: You have requested package `',
               but the package provides `algc'.

Package: algc 
("C:\Program Files\MiKTeX 2.9\tex\latex\base\ifthen.sty"
Package: ifthen 2014/09/29 v1.1c Standard LaTeX ifthen package (DPC)
) (algorithmicx.sty
Package: algorithmicx 2005/04/27 v1.2 Algorithmicx

Document Style algorithmicx 1.2 - a greatly improved `algorithmic' style
\c@ALG@line=\count79
\c@ALG@rem=\count80
\c@ALG@nested=\count81
\ALG@tlm=\skip41
\ALG@thistlm=\skip42
\c@ALG@Lnr=\count82
\c@ALG@blocknr=\count83
\c@ALG@storecount=\count84
\c@ALG@tmpcounter=\count85
\ALG@tmplength=\skip43
)
Document Style - c/c++ environments for use with the `algorithmicx' style

! LaTeX Error: Missing \begin{document}.

See the LaTeX manual or LaTeX Companion for explanation.
Type  H <return>  for immediate help.
 ...                                              
                                                  
l.24 \let\ALG@c
               begin\{%
You're in trouble here.  Try typing  <return>  to proceed.
If that doesn't work, type  X <return>  to quit.

Missing character: There is no c in font nullfont!
Missing character: There is no b in font nullfont!
Missing character: There is no e in font nullfont!
Missing character: There is no g in font nullfont!
Missing character: There is no i in font nullfont!
Missing character: There is no n in font nullfont!
LaTeX Font Info:    Try loading font information for OMS+cmr on input line 24.
("C:\Program Files\MiKTeX 2.9\tex\latex\base\omscmr.fd"
File: omscmr.fd 2014/09/29 v2.5h Standard LaTeX font definitions
)
LaTeX Font Info:    Font shape `OMS/cmr/m/n' in size <10> not available
(Font)              Font shape `OMS/cmsy/m/n' tried instead on input line 24.
Missing character: There is no c in font nullfont!
Missing character: There is no e in font nullfont!
Missing character: There is no n in font nullfont!
Missing character: There is no d in font nullfont!
)
! Emergency stop.
<*> algc.sty
            
*** (job aborted, no legal \end found)

 
Here is how much of TeX's memory you used:
 423 strings out of 493673
 5418 string characters out of 3143954
 55264 words of memory out of 3000000
 3861 multiletter control sequences out of 15000+200000
 3640 words of font info for 14 fonts, out of 3000000 for 9000
 1025 hyphenation exceptions out of 8191
 20i,0n,16p,245b,78s stack positions out of 5000i,500n,10000p,200000b,50000s
!  ==> Fatal error occurred, no output PDF file produced!
